[ERROR] - [28-10-2025 17:11:24] [main] [utilities.common.PropertiesUtils] - Property not found: baseUrl
[INFO] - [28-10-2025 17:11:24] [main] [listeners.MethodInvocationListener] - Initializing driver for test: verifySuccessfulLogin | Browser: chrome
[ERROR] - [28-10-2025 17:11:24] [main] [utilities.common.PropertiesUtils] - Property not found: url
[INFO] - [28-10-2025 17:11:25] [main] [utilities.selenium.driver.WebDriverManager] - Closing the Driver
[INFO] - [28-10-2025 17:11:25] [main] [listeners.TestResultListener] - Test failed: verifySuccessfulLogin
[INFO] - [28-10-2025 17:11:26] [main] [listeners.TestResultListener] - Test run finished
[INFO] - [28-10-2025 17:11:32] [main] [utilities.common.TerminalUtils] - Command executed: allure generate test_outputs/allure_results -o test_outputs/allure_report --clean --single-file
[INFO] - [28-10-2025 17:11:32] [main] [utilities.common.AllureUtils] - Allure report generated successfully
[INFO] - [28-10-2025 17:11:32] [main] [utilities.common.FilesUtils] - Found latest file in test_outputs\allure_report: test_outputs\allure_report\index.html
[INFO] - [28-10-2025 17:11:32] [main] [utilities.common.FilesUtils] - File renamed successfully from test_outputs\allure_report\index.html to test_outputs\allure_report\Report 2025-10-28 17-11-32.html
[INFO] - [28-10-2025 17:11:32] [main] [utilities.common.AllureUtils] - Allure report renamed successfully to: test_outputs\allure_report\Report 2025-10-28 17-11-32.html
[INFO] - [28-10-2025 17:11:32] [main] [utilities.common.AllureUtils] - Opening allure report: test_outputs\allure_report\Report 2025-10-28 17-11-32.html
[INFO] - [28-10-2025 17:11:32] [main] [utilities.common.TerminalUtils] - Command executed: start "" "test_outputs\allure_report\Report 2025-10-28 17-11-32.html"
