[INFO] - [29-10-2025 00:22:27] [main] [listeners.MethodInvocationListener] - Initializing driver for test: verifyValidLogin | Browser: chrome
[INFO] - [29-10-2025 00:22:27] [main] [utilities.selenium.helperClasses.BrowserActions] - Navigated to Base URL: https://www.saucedemo.com/
[INFO] - [29-10-2025 00:22:27] [main] [com.saucedemo.LoginPage] - Login page loaded successfully: https://www.saucedemo.com/
[INFO] - [29-10-2025 00:22:28] [main] [utilities.uiElements.TextInputField] - Clicked on input field before writing text.
[INFO] - [29-10-2025 00:22:28] [main] [utilities.selenium.helperClasses.SimpleElementActions] - Setting text 'locked_out_user' for element located by: By.id: user-name
[INFO] - [29-10-2025 00:22:28] [main] [utilities.selenium.helperClasses.SimpleElementActions] - Cleared existing text in the field.
[INFO] - [29-10-2025 00:22:28] [main] [utilities.selenium.helperClasses.SimpleElementActions] - Text 'locked_out_user' entered successfully.
[INFO] - [29-10-2025 00:22:28] [main] [utilities.uiElements.TextInputField] - Text written successfully: locked_out_user
[INFO] - [29-10-2025 00:22:28] [main] [PageComponents.LoginForm] - Entered username: locked_out_user
[INFO] - [29-10-2025 00:22:28] [main] [utilities.uiElements.TextInputField] - Clicked on input field before writing text.
[INFO] - [29-10-2025 00:22:28] [main] [utilities.selenium.helperClasses.SimpleElementActions] - Setting text 'secret_sauce' for element located by: By.id: password
[INFO] - [29-10-2025 00:22:28] [main] [utilities.selenium.helperClasses.SimpleElementActions] - Cleared existing text in the field.
[INFO] - [29-10-2025 00:22:28] [main] [utilities.selenium.helperClasses.SimpleElementActions] - Text 'secret_sauce' entered successfully.
[INFO] - [29-10-2025 00:22:28] [main] [utilities.uiElements.TextInputField] - Text written successfully: secret_sauce
[INFO] - [29-10-2025 00:22:28] [main] [PageComponents.LoginForm] - Entered password: secret_sauce
[INFO] - [29-10-2025 00:22:28] [main] [utilities.selenium.helperClasses.JsExecutor] - Scrolling to element: By.id: login-button
[INFO] - [29-10-2025 00:22:28] [main] [utilities.selenium.helperClasses.SimpleElementActions] - Clicking on element located by: By.id: login-button
[INFO] - [29-10-2025 00:22:28] [main] [PageComponents.LoginForm] - Clicked on Login button.
[ERROR] - [29-10-2025 00:22:32] [main] [com.saucedemo.HomePage] -  Home Page did not load properly â€” 'Products' title not visible.
[ERROR] - [29-10-2025 00:22:32] [main] [utilities.common.assertions.CustomSoftAssert] - Custom Soft Assertion Failed: Custom Soft Assertion
	Home page did not load successfully after valid login. expected [true] but found [false]
[INFO] - [29-10-2025 00:22:32] [main] [utilities.selenium.driver.WebDriverManager] - Closing the Driver
[INFO] - [29-10-2025 00:22:32] [main] [listeners.TestResultListener] - Test failed: verifyValidLogin
[INFO] - [29-10-2025 00:22:32] [main] [utilities.common.JsonUtils] - Reading JSON file from path: src/test/resources/Login.json
[INFO] - [29-10-2025 00:22:32] [main] [utilities.common.JsonUtils] - Successfully read JSON Array from: src/test/resources/Login.json
[INFO] - [29-10-2025 00:22:32] [main] [listeners.TestResultListener] - Test started: verifyInvalidLogin
